[01m[K/home/mrxiuer/project/æ¯•è®¾/demo/src/vrx/vrx_gz/src/target_point.cc:17:3:[m[K [01;31m[Kerror: [m[Kexpected class-name before â€˜[01m[K{[m[Kâ€™ token
   17 |   [01;31m[K{[m[K
      |   [01;31m[K^[m[K
[01m[K/home/mrxiuer/project/æ¯•è®¾/demo/src/vrx/vrx_gz/src/target_point.cc:[m[K In constructor â€˜[01m[Kgz_sim::TargetPointPlugin::TargetPointPlugin()[m[Kâ€™:
[01m[K/home/mrxiuer/project/æ¯•è®¾/demo/src/vrx/vrx_gz/src/target_point.cc:22:27:[m[K [01;31m[Kerror: [m[Kexpected class-name before â€˜[01m[K([m[Kâ€™ token
   22 |       : gz::gui::GuiPlugin[01;31m[K([m[K)
      |                           [01;31m[K^[m[K
[01m[K/home/mrxiuer/project/æ¯•è®¾/demo/src/vrx/vrx_gz/src/target_point.cc:22:27:[m[K [01;31m[Kerror: [m[Kexpected â€˜[01m[K{[m[Kâ€™ before â€˜[01m[K([m[Kâ€™ token
[01m[K/home/mrxiuer/project/æ¯•è®¾/demo/src/vrx/vrx_gz/src/target_point.cc:[m[K In member function â€˜[01m[Kvoid gz_sim::TargetPointPlugin::OnButtonClicked()[m[Kâ€™:
[01m[K/home/mrxiuer/project/æ¯•è®¾/demo/src/vrx/vrx_gz/src/target_point.cc:42:7:[m[K [01;31m[Kerror: [m[Kâ€˜[01m[Kgzdbg[m[Kâ€™ was not declared in this scope
   42 |       [01;31m[Kgzdbg[m[K << "ç›®æ ‡ç‚¹æ ‡è®°æ¨¡å¼å·²å¯ç”¨ï¼Œè¯·ç‚¹å‡»åœ°é¢ã€‚" << std::endl;
      |       [01;31m[K^~~~~[m[K
[01m[K/home/mrxiuer/project/æ¯•è®¾/demo/src/vrx/vrx_gz/src/target_point.cc:[m[K In member function â€˜[01m[Kvoid gz_sim::TargetPointPlugin::Update()[m[Kâ€™:
[01m[K/home/mrxiuer/project/æ¯•è®¾/demo/src/vrx/vrx_gz/src/target_point.cc:55:9:[m[K [01;31m[Kerror: [m[Kâ€˜[01m[Kgzerr[m[Kâ€™ was not declared in this scope
   55 |         [01;31m[Kgzerr[m[K << "æ— æ³•èŽ·å–æ¸²æŸ“åœºæ™¯ã€‚" << std::endl;
      |         [01;31m[K^~~~~[m[K
[01m[K/home/mrxiuer/project/æ¯•è®¾/demo/src/vrx/vrx_gz/src/target_point.cc:60:62:[m[K [01;31m[Kerror: [m[Kexpected primary-expression before â€˜[01m[K>[m[Kâ€™ token
   60 |       auto camera = scene->SensorByName<gz::rendering::Camera[01;31m[K>[m[K("user_camera");
      |                                                              [01;31m[K^[m[K
[01m[K/home/mrxiuer/project/æ¯•è®¾/demo/src/vrx/vrx_gz/src/target_point.cc:63:9:[m[K [01;31m[Kerror: [m[Kâ€˜[01m[Kgzerr[m[Kâ€™ was not declared in this scope
   63 |         [01;31m[Kgzerr[m[K << "æ— æ³•èŽ·å–ç”¨æˆ·ç›¸æœºã€‚" << std::endl;
      |         [01;31m[K^~~~~[m[K
[01m[K/home/mrxiuer/project/æ¯•è®¾/demo/src/vrx/vrx_gz/src/target_point.cc:69:49:[m[K [01;31m[Kerror: [m[Kâ€˜[01m[Kgz::rendering::MouseEvent[m[Kâ€™ has not been declared
   69 |       if (mouseEvent.Button() == gz::rendering::[01;31m[KMouseEvent[m[K::LEFT &&
      |                                                 [01;31m[K^~~~~~~~~~[m[K
[01m[K/home/mrxiuer/project/æ¯•è®¾/demo/src/vrx/vrx_gz/src/target_point.cc:70:47:[m[K [01;31m[Kerror: [m[Kâ€˜[01m[Kgz::rendering::MouseEvent[m[Kâ€™ has not been declared
   70 |           mouseEvent.Type() == gz::rendering::[01;31m[KMouseEvent[m[K::PRESS)
      |                                               [01;31m[K^~~~~~~~~~[m[K
[01m[K/home/mrxiuer/project/æ¯•è®¾/demo/src/vrx/vrx_gz/src/target_point.cc:74:9:[m[K [01;31m[Kerror: [m[Kâ€˜[01m[Kgzdbg[m[Kâ€™ was not declared in this scope
   74 |         [01;31m[Kgzdbg[m[K << "ç›®æ ‡ç‚¹ä½ç½®: " << position << std::endl;
      |         [01;31m[K^~~~~[m[K
[01m[K/home/mrxiuer/project/æ¯•è®¾/demo/src/vrx/vrx_gz/src/target_point.cc:89:20:[m[K [01;31m[Kerror: [m[Kâ€˜[01m[Kclass gz::transport::v12::Node[m[Kâ€™ has no member named â€˜[01m[KPublish[m[Kâ€™; did you mean â€˜[01m[KPublisher[m[Kâ€™?
   89 |         this->node.[01;31m[KPublish[m[K("/marker", markerMsg);
      |                    [01;31m[K^~~~~~~[m[K
      |                    [32m[KPublisher[m[K
In file included from [01m[K/usr/include/gz/plugin2/gz/plugin/Register.hh:22[m[K,
                 from [01m[K/home/mrxiuer/project/æ¯•è®¾/demo/src/vrx/vrx_gz/src/target_point.cc:6[m[K:
[01m[K/home/mrxiuer/project/æ¯•è®¾/demo/src/vrx/vrx_gz/src/target_point.cc:[m[K In constructor â€˜[01m[Kgz::plugin::{anonymous}::ExecuteWhenLoadingLibrary0::ExecuteWhenLoadingLibrary0()[m[Kâ€™:
[01m[K/home/mrxiuer/project/æ¯•è®¾/demo/src/vrx/vrx_gz/src/target_point.cc:107:24:[m[K [01;31m[Kerror: [m[Kâ€˜[01m[KGuiPlugin[m[Kâ€™ is not a member of â€˜[01m[Kgz::gui[m[Kâ€™; did you mean â€˜[01m[KPlugin[m[Kâ€™?
  107 |               gz::gui::[01;31m[KGuiPlugin[m[K)
      |                        [01;31m[K^~~~~~~~~[m[K
[01m[K/home/mrxiuer/project/æ¯•è®¾/demo/src/vrx/vrx_gz/src/target_point.cc:106:1:[m[K [01;31m[Kerror: [m[Ktemplate argument 2 is invalid
  106 | [01;31m[KGZ_ADD_PLUGIN[m[K(gz_sim::TargetPointPlugin,
      | [01;31m[K^~~~~~~~~~~~~[m[K
gmake[2]: *** [CMakeFiles/target_point_plugin.dir/build.make:76: CMakeFiles/target_point_plugin.dir/src/target_point.cc.o] Error 1
gmake[1]: *** [CMakeFiles/Makefile2:794: CMakeFiles/target_point_plugin.dir/all] Error 2
gmake: *** [Makefile:146: all] Error 2
