[0.011s] Invoking command in '/home/mrxiuer/project/æ¯•è®¾/demo/src/build/vrx_gz': CMAKE_PREFIX_PATH=${CMAKE_PREFIX_PATH}:/opt/ros/humble LD_LIBRARY_PATH=/home/mrxiuer/project/æ¯•è®¾/demo/src/install/lib:/usr/local/lib:/opt/ros/humble/opt/rviz_ogre_vendor/lib:/opt/ros/humble/lib/x86_64-linux-gnu:/opt/ros/humble/lib /usr/bin/cmake --build /home/mrxiuer/project/æ¯•è®¾/demo/src/build/vrx_gz -- -j16 -l16
[0.068s] [  2%] [32mBuilding CXX object CMakeFiles/target_point_plugin.dir/src/target_point.cc.o[0m
[0.071s] [ 10%] Built target ScoringPlugin
[0.071s] [ 10%] Built target Waves
[0.079s] [ 10%] Built target ament_cmake_python_copy_vrx_gz
[0.112s] [ 14%] Built target GymkhanaScoringPlugin
[0.115s] [ 20%] Built target AcousticPerceptionScoringPlugin
[0.115s] [ 30%] Built target AcousticTrackingScoringPlugin
[0.115s] [ 32%] Built target WayfindingScoringPlugin
[0.116s] [ 40%] Built target PolyhedraBuoyancyDrag
[0.116s] [ 48%] Built target AcousticPingerPlugin
[0.118s] [ 52%] Built target LightBuoyPlugin
[0.118s] [ 46%] Built target BallShooterPlugin
[0.121s] [ 64%] Built target StationkeepingScoringPlugin
[0.121s] [ 64%] Built target NavigationScoringPlugin
[0.121s] [ 66%] Built target PerceptionScoringPlugin
[0.121s] [ 70%] Built target PlacardPlugin
[0.124s] [ 74%] Built target PublisherPlugin
[0.124s] [ 78%] Built target ScanDockScoringPlugin
[0.125s] [ 82%] Built target SimpleHydrodynamics
[0.145s] [ 86%] Built target Surface
[0.145s] [ 90%] Built target WildlifeScoringPlugin
[0.148s] [ 94%] Built target USVWind
[0.148s] [ 98%] Built target WaveVisual
[0.363s] running egg_info
[0.364s] writing vrx_gz.egg-info/PKG-INFO
[0.364s] writing dependency_links to vrx_gz.egg-info/dependency_links.txt
[0.364s] writing top-level names to vrx_gz.egg-info/top_level.txt
[0.366s] reading manifest file 'vrx_gz.egg-info/SOURCES.txt'
[0.366s] writing manifest file 'vrx_gz.egg-info/SOURCES.txt'
[0.400s] [ 98%] Built target ament_cmake_python_build_vrx_gz_egg
[2.543s] [01m[K/home/mrxiuer/project/æ¯•è®¾/demo/src/vrx/vrx_gz/src/target_point.cc:17:3:[m[K [01;31m[Kerror: [m[Kexpected class-name before â€˜[01m[K{[m[Kâ€™ token
[2.543s]    17 |   [01;31m[K{[m[K
[2.543s]       |   [01;31m[K^[m[K
[2.543s] [01m[K/home/mrxiuer/project/æ¯•è®¾/demo/src/vrx/vrx_gz/src/target_point.cc:[m[K In constructor â€˜[01m[Kgz_sim::TargetPointPlugin::TargetPointPlugin()[m[Kâ€™:
[2.543s] [01m[K/home/mrxiuer/project/æ¯•è®¾/demo/src/vrx/vrx_gz/src/target_point.cc:22:27:[m[K [01;31m[Kerror: [m[Kexpected class-name before â€˜[01m[K([m[Kâ€™ token
[2.543s]    22 |       : gz::gui::GuiPlugin[01;31m[K([m[K)
[2.543s]       |                           [01;31m[K^[m[K
[2.544s] [01m[K/home/mrxiuer/project/æ¯•è®¾/demo/src/vrx/vrx_gz/src/target_point.cc:22:27:[m[K [01;31m[Kerror: [m[Kexpected â€˜[01m[K{[m[Kâ€™ before â€˜[01m[K([m[Kâ€™ token
[2.551s] [01m[K/home/mrxiuer/project/æ¯•è®¾/demo/src/vrx/vrx_gz/src/target_point.cc:[m[K In member function â€˜[01m[Kvoid gz_sim::TargetPointPlugin::OnButtonClicked()[m[Kâ€™:
[2.551s] [01m[K/home/mrxiuer/project/æ¯•è®¾/demo/src/vrx/vrx_gz/src/target_point.cc:42:7:[m[K [01;31m[Kerror: [m[Kâ€˜[01m[Kgzdbg[m[Kâ€™ was not declared in this scope
[2.551s]    42 |       [01;31m[Kgzdbg[m[K << "ç›®æ ‡ç‚¹æ ‡è®°æ¨¡å¼å·²å¯ç”¨ï¼Œè¯·ç‚¹å‡»åœ°é¢ã€‚" << std::endl;
[2.551s]       |       [01;31m[K^~~~~[m[K
[2.558s] [01m[K/home/mrxiuer/project/æ¯•è®¾/demo/src/vrx/vrx_gz/src/target_point.cc:[m[K In member function â€˜[01m[Kvoid gz_sim::TargetPointPlugin::Update()[m[Kâ€™:
[2.558s] [01m[K/home/mrxiuer/project/æ¯•è®¾/demo/src/vrx/vrx_gz/src/target_point.cc:55:9:[m[K [01;31m[Kerror: [m[Kâ€˜[01m[Kgzerr[m[Kâ€™ was not declared in this scope
[2.558s]    55 |         [01;31m[Kgzerr[m[K << "æ— æ³•èŽ·å–æ¸²æŸ“åœºæ™¯ã€‚" << std::endl;
[2.558s]       |         [01;31m[K^~~~~[m[K
[2.559s] [01m[K/home/mrxiuer/project/æ¯•è®¾/demo/src/vrx/vrx_gz/src/target_point.cc:60:62:[m[K [01;31m[Kerror: [m[Kexpected primary-expression before â€˜[01m[K>[m[Kâ€™ token
[2.559s]    60 |       auto camera = scene->SensorByName<gz::rendering::Camera[01;31m[K>[m[K("user_camera");
[2.559s]       |                                                              [01;31m[K^[m[K
[2.564s] [01m[K/home/mrxiuer/project/æ¯•è®¾/demo/src/vrx/vrx_gz/src/target_point.cc:63:9:[m[K [01;31m[Kerror: [m[Kâ€˜[01m[Kgzerr[m[Kâ€™ was not declared in this scope
[2.564s]    63 |         [01;31m[Kgzerr[m[K << "æ— æ³•èŽ·å–ç”¨æˆ·ç›¸æœºã€‚" << std::endl;
[2.564s]       |         [01;31m[K^~~~~[m[K
[2.565s] [01m[K/home/mrxiuer/project/æ¯•è®¾/demo/src/vrx/vrx_gz/src/target_point.cc:69:49:[m[K [01;31m[Kerror: [m[Kâ€˜[01m[Kgz::rendering::MouseEvent[m[Kâ€™ has not been declared
[2.565s]    69 |       if (mouseEvent.Button() == gz::rendering::[01;31m[KMouseEvent[m[K::LEFT &&
[2.565s]       |                                                 [01;31m[K^~~~~~~~~~[m[K
[2.565s] [01m[K/home/mrxiuer/project/æ¯•è®¾/demo/src/vrx/vrx_gz/src/target_point.cc:70:47:[m[K [01;31m[Kerror: [m[Kâ€˜[01m[Kgz::rendering::MouseEvent[m[Kâ€™ has not been declared
[2.565s]    70 |           mouseEvent.Type() == gz::rendering::[01;31m[KMouseEvent[m[K::PRESS)
[2.565s]       |                                               [01;31m[K^~~~~~~~~~[m[K
[2.570s] [01m[K/home/mrxiuer/project/æ¯•è®¾/demo/src/vrx/vrx_gz/src/target_point.cc:74:9:[m[K [01;31m[Kerror: [m[Kâ€˜[01m[Kgzdbg[m[Kâ€™ was not declared in this scope
[2.570s]    74 |         [01;31m[Kgzdbg[m[K << "ç›®æ ‡ç‚¹ä½ç½®: " << position << std::endl;
[2.570s]       |         [01;31m[K^~~~~[m[K
[2.571s] [01m[K/home/mrxiuer/project/æ¯•è®¾/demo/src/vrx/vrx_gz/src/target_point.cc:89:20:[m[K [01;31m[Kerror: [m[Kâ€˜[01m[Kclass gz::transport::v12::Node[m[Kâ€™ has no member named â€˜[01m[KPublish[m[Kâ€™; did you mean â€˜[01m[KPublisher[m[Kâ€™?
[2.571s]    89 |         this->node.[01;31m[KPublish[m[K("/marker", markerMsg);
[2.571s]       |                    [01;31m[K^~~~~~~[m[K
[2.571s]       |                    [32m[KPublisher[m[K
[2.571s] In file included from [01m[K/usr/include/gz/plugin2/gz/plugin/Register.hh:22[m[K,
[2.571s]                  from [01m[K/home/mrxiuer/project/æ¯•è®¾/demo/src/vrx/vrx_gz/src/target_point.cc:6[m[K:
[2.571s] [01m[K/home/mrxiuer/project/æ¯•è®¾/demo/src/vrx/vrx_gz/src/target_point.cc:[m[K In constructor â€˜[01m[Kgz::plugin::{anonymous}::ExecuteWhenLoadingLibrary0::ExecuteWhenLoadingLibrary0()[m[Kâ€™:
[2.571s] [01m[K/home/mrxiuer/project/æ¯•è®¾/demo/src/vrx/vrx_gz/src/target_point.cc:107:24:[m[K [01;31m[Kerror: [m[Kâ€˜[01m[KGuiPlugin[m[Kâ€™ is not a member of â€˜[01m[Kgz::gui[m[Kâ€™; did you mean â€˜[01m[KPlugin[m[Kâ€™?
[2.571s]   107 |               gz::gui::[01;31m[KGuiPlugin[m[K)
[2.571s]       |                        [01;31m[K^~~~~~~~~[m[K
[2.571s] [01m[K/home/mrxiuer/project/æ¯•è®¾/demo/src/vrx/vrx_gz/src/target_point.cc:106:1:[m[K [01;31m[Kerror: [m[Ktemplate argument 2 is invalid
[2.571s]   106 | [01;31m[KGZ_ADD_PLUGIN[m[K(gz_sim::TargetPointPlugin,
[2.571s]       | [01;31m[K^~~~~~~~~~~~~[m[K
[2.940s] gmake[2]: *** [CMakeFiles/target_point_plugin.dir/build.make:76: CMakeFiles/target_point_plugin.dir/src/target_point.cc.o] Error 1
[2.940s] gmake[1]: *** [CMakeFiles/Makefile2:794: CMakeFiles/target_point_plugin.dir/all] Error 2
[2.940s] gmake: *** [Makefile:146: all] Error 2
[2.943s] Invoked command in '/home/mrxiuer/project/æ¯•è®¾/demo/src/build/vrx_gz' returned '2': CMAKE_PREFIX_PATH=${CMAKE_PREFIX_PATH}:/opt/ros/humble LD_LIBRARY_PATH=/home/mrxiuer/project/æ¯•è®¾/demo/src/install/lib:/usr/local/lib:/opt/ros/humble/opt/rviz_ogre_vendor/lib:/opt/ros/humble/lib/x86_64-linux-gnu:/opt/ros/humble/lib /usr/bin/cmake --build /home/mrxiuer/project/æ¯•è®¾/demo/src/build/vrx_gz -- -j16 -l16
