[0.010s] Invoking command in '/home/mrxiuer/project/æ¯•è®¾/demo/src/build/vrx_gz': CMAKE_PREFIX_PATH=${CMAKE_PREFIX_PATH}:/opt/ros/humble LD_LIBRARY_PATH=/home/mrxiuer/project/æ¯•è®¾/demo/src/install/lib:/usr/local/lib:/opt/ros/humble/opt/rviz_ogre_vendor/lib:/opt/ros/humble/lib/x86_64-linux-gnu:/opt/ros/humble/lib /usr/bin/cmake --build /home/mrxiuer/project/æ¯•è®¾/demo/src/build/vrx_gz -- -j16 -l16
[0.060s] [35m[1mConsolidate compiler generated dependencies of target target_point_plugin[0m
[0.071s] [  4%] Built target ScoringPlugin
[0.072s] [  8%] Built target Waves
[0.080s] [  8%] Built target ament_cmake_python_copy_vrx_gz
[0.084s] [ 10%] [32mBuilding CXX object CMakeFiles/target_point_plugin.dir/src/target_point.cc.o[0m
[0.112s] [ 34%] Built target NavigationScoringPlugin
[0.112s] [ 34%] Built target AcousticPerceptionScoringPlugin
[0.112s] [ 34%] Built target BallShooterPlugin
[0.113s] [ 34%] Built target LightBuoyPlugin
[0.113s] [ 34%] Built target WayfindingScoringPlugin
[0.113s] [ 42%] Built target AcousticTrackingScoringPlugin
[0.113s] [ 46%] Built target AcousticPingerPlugin
[0.114s] [ 54%] Built target PerceptionScoringPlugin
[0.114s] [ 56%] Built target GymkhanaScoringPlugin
[0.115s] [ 56%] Built target PlacardPlugin
[0.115s] [ 62%] Built target StationkeepingScoringPlugin
[0.117s] [ 66%] Built target PublisherPlugin
[0.118s] [ 70%] Built target Surface
[0.119s] [ 74%] Built target SimpleHydrodynamics
[0.120s] [ 78%] Built target ScanDockScoringPlugin
[0.142s] [ 82%] Built target WildlifeScoringPlugin
[0.143s] [ 86%] Built target WaveVisual
[0.144s] [ 94%] Built target PolyhedraBuoyancyDrag
[0.145s] [ 98%] Built target USVWind
[0.363s] running egg_info
[0.363s] writing vrx_gz.egg-info/PKG-INFO
[0.363s] writing dependency_links to vrx_gz.egg-info/dependency_links.txt
[0.364s] writing top-level names to vrx_gz.egg-info/top_level.txt
[0.366s] reading manifest file 'vrx_gz.egg-info/SOURCES.txt'
[0.367s] writing manifest file 'vrx_gz.egg-info/SOURCES.txt'
[0.399s] [ 98%] Built target ament_cmake_python_build_vrx_gz_egg
[2.535s] [01m[K/home/mrxiuer/project/æ¯•è®¾/demo/src/vrx/vrx_gz/src/target_point.cc:[m[K In constructor â€˜[01m[Kgz_sim::TargetPointPlugin::TargetPointPlugin()[m[Kâ€™:
[2.536s] [01m[K/home/mrxiuer/project/æ¯•è®¾/demo/src/vrx/vrx_gz/src/target_point.cc:32:13:[m[K [01;31m[Kerror: [m[Kâ€˜[01m[Kclass gz_sim::TargetPointPlugin[m[Kâ€™ has no member named â€˜[01m[KsetLayout[m[Kâ€™
[2.536s]    32 |       this->[01;31m[KsetLayout[m[K(mainLayout);
[2.536s]       |             [01;31m[K^~~~~~~~~[m[K
[2.543s] [01m[K/home/mrxiuer/project/æ¯•è®¾/demo/src/vrx/vrx_gz/src/target_point.cc:[m[K In member function â€˜[01m[Kvoid gz_sim::TargetPointPlugin::OnButtonClicked()[m[Kâ€™:
[2.544s] [01m[K/home/mrxiuer/project/æ¯•è®¾/demo/src/vrx/vrx_gz/src/target_point.cc:42:7:[m[K [01;31m[Kerror: [m[Kâ€˜[01m[Kgzdbg[m[Kâ€™ was not declared in this scope
[2.544s]    42 |       [01;31m[Kgzdbg[m[K << "ç›®æ ‡ç‚¹æ ‡è®°æ¨¡å¼å·²å¯ç”¨ï¼Œè¯·ç‚¹å‡»åœ°é¢ã€‚" << std::endl;
[2.544s]       |       [01;31m[K^~~~~[m[K
[2.552s] [01m[K/home/mrxiuer/project/æ¯•è®¾/demo/src/vrx/vrx_gz/src/target_point.cc:[m[K In member function â€˜[01m[Kvoid gz_sim::TargetPointPlugin::Update()[m[Kâ€™:
[2.552s] [01m[K/home/mrxiuer/project/æ¯•è®¾/demo/src/vrx/vrx_gz/src/target_point.cc:55:9:[m[K [01;31m[Kerror: [m[Kâ€˜[01m[Kgzerr[m[Kâ€™ was not declared in this scope
[2.552s]    55 |         [01;31m[Kgzerr[m[K << "æ— æ³•èŽ·å–æ¸²æŸ“åœºæ™¯ã€‚" << std::endl;
[2.552s]       |         [01;31m[K^~~~~[m[K
[2.552s] [01m[K/home/mrxiuer/project/æ¯•è®¾/demo/src/vrx/vrx_gz/src/target_point.cc:60:62:[m[K [01;31m[Kerror: [m[Kexpected primary-expression before â€˜[01m[K>[m[Kâ€™ token
[2.552s]    60 |       auto camera = scene->SensorByName<gz::rendering::Camera[01;31m[K>[m[K("user_camera");
[2.552s]       |                                                              [01;31m[K^[m[K
[2.558s] [01m[K/home/mrxiuer/project/æ¯•è®¾/demo/src/vrx/vrx_gz/src/target_point.cc:63:9:[m[K [01;31m[Kerror: [m[Kâ€˜[01m[Kgzerr[m[Kâ€™ was not declared in this scope
[2.558s]    63 |         [01;31m[Kgzerr[m[K << "æ— æ³•èŽ·å–ç”¨æˆ·ç›¸æœºã€‚" << std::endl;
[2.558s]       |         [01;31m[K^~~~~[m[K
[2.558s] [01m[K/home/mrxiuer/project/æ¯•è®¾/demo/src/vrx/vrx_gz/src/target_point.cc:69:49:[m[K [01;31m[Kerror: [m[Kâ€˜[01m[Kgz::rendering::MouseEvent[m[Kâ€™ has not been declared
[2.558s]    69 |       if (mouseEvent.Button() == gz::rendering::[01;31m[KMouseEvent[m[K::LEFT &&
[2.558s]       |                                                 [01;31m[K^~~~~~~~~~[m[K
[2.558s] [01m[K/home/mrxiuer/project/æ¯•è®¾/demo/src/vrx/vrx_gz/src/target_point.cc:70:47:[m[K [01;31m[Kerror: [m[Kâ€˜[01m[Kgz::rendering::MouseEvent[m[Kâ€™ has not been declared
[2.559s]    70 |           mouseEvent.Type() == gz::rendering::[01;31m[KMouseEvent[m[K::PRESS)
[2.559s]       |                                               [01;31m[K^~~~~~~~~~[m[K
[2.564s] [01m[K/home/mrxiuer/project/æ¯•è®¾/demo/src/vrx/vrx_gz/src/target_point.cc:74:9:[m[K [01;31m[Kerror: [m[Kâ€˜[01m[Kgzdbg[m[Kâ€™ was not declared in this scope
[2.564s]    74 |         [01;31m[Kgzdbg[m[K << "ç›®æ ‡ç‚¹ä½ç½®: " << position << std::endl;
[2.564s]       |         [01;31m[K^~~~~[m[K
[2.565s] [01m[K/home/mrxiuer/project/æ¯•è®¾/demo/src/vrx/vrx_gz/src/target_point.cc:89:20:[m[K [01;31m[Kerror: [m[Kâ€˜[01m[Kclass gz::transport::v12::Node[m[Kâ€™ has no member named â€˜[01m[KPublish[m[Kâ€™; did you mean â€˜[01m[KPublisher[m[Kâ€™?
[2.565s]    89 |         this->node.[01;31m[KPublish[m[K("/marker", markerMsg);
[2.565s]       |                    [01;31m[K^~~~~~~[m[K
[2.565s]       |                    [32m[KPublisher[m[K
[2.961s] gmake[2]: *** [CMakeFiles/target_point_plugin.dir/build.make:76: CMakeFiles/target_point_plugin.dir/src/target_point.cc.o] Error 1
[2.961s] gmake[1]: *** [CMakeFiles/Makefile2:794: CMakeFiles/target_point_plugin.dir/all] Error 2
[2.961s] gmake: *** [Makefile:146: all] Error 2
[2.964s] Invoked command in '/home/mrxiuer/project/æ¯•è®¾/demo/src/build/vrx_gz' returned '2': CMAKE_PREFIX_PATH=${CMAKE_PREFIX_PATH}:/opt/ros/humble LD_LIBRARY_PATH=/home/mrxiuer/project/æ¯•è®¾/demo/src/install/lib:/usr/local/lib:/opt/ros/humble/opt/rviz_ogre_vendor/lib:/opt/ros/humble/lib/x86_64-linux-gnu:/opt/ros/humble/lib /usr/bin/cmake --build /home/mrxiuer/project/æ¯•è®¾/demo/src/build/vrx_gz -- -j16 -l16
