[01m[K/home/mrxiuer/project/æ¯•è®¾/demo/src/vrx/vrx_gz/src/target_point.cc:[m[K In constructor â€˜[01m[Kgz::gui::TargetPointPlugin::TargetPointPlugin()[m[Kâ€™:
[01m[K/home/mrxiuer/project/æ¯•è®¾/demo/src/vrx/vrx_gz/src/target_point.cc:32:27:[m[K [01;31m[Kerror: [m[Kâ€˜[01m[Kclass QQuickItem[m[Kâ€™ has no member named â€˜[01m[KaddItem[m[Kâ€™
   32 |       win->contentItem()->[01;31m[KaddItem[m[K(mainWidget);
      |                           [01;31m[K^~~~~~~[m[K
[01m[K/home/mrxiuer/project/æ¯•è®¾/demo/src/vrx/vrx_gz/src/target_point.cc:[m[K In member function â€˜[01m[Kvoid gz::gui::TargetPointPlugin::OnClick(const QPointF&)[m[Kâ€™:
[01m[K/home/mrxiuer/project/æ¯•è®¾/demo/src/vrx/vrx_gz/src/target_point.cc:68:35:[m[K [01;31m[Kerror: [m[Kâ€˜[01m[KsceneFromFirstRenderEngine[m[Kâ€™ is not a member of â€˜[01m[Kgz::rendering[m[Kâ€™
   68 |       auto scene = gz::rendering::[01;31m[KsceneFromFirstRenderEngine[m[K();
      |                                   [01;31m[K^~~~~~~~~~~~~~~~~~~~~~~~~~[m[K
[01m[K/home/mrxiuer/project/æ¯•è®¾/demo/src/vrx/vrx_gz/src/target_point.cc:79:31:[m[K [01;31m[Kerror: [m[Kaggregate â€˜[01m[Kgz::rendering::v7::RayQuery rayQuery[m[Kâ€™ has incomplete type and cannot be defined
   79 |       gz::rendering::RayQuery [01;31m[KrayQuery[m[K;
      |                               [01;31m[K^~~~~~~~[m[K
[01m[K/home/mrxiuer/project/æ¯•è®¾/demo/src/vrx/vrx_gz/src/target_point.cc:[m[K At global scope:
[01m[K/home/mrxiuer/project/æ¯•è®¾/demo/src/vrx/vrx_gz/src/target_point.cc:116:59:[m[K [01;31m[Kerror: [m[Kexpected constructor, destructor, or type conversion at end of input
  116 | GZ_ADD_PLUGIN(gz::gui::TargetPointPlugin, gz::gui::Plugin)
      |                                                           [01;31m[K^[m[K
gmake[2]: *** [CMakeFiles/target_point_plugin.dir/build.make:76: CMakeFiles/target_point_plugin.dir/src/target_point.cc.o] Error 1
gmake[1]: *** [CMakeFiles/Makefile2:794: CMakeFiles/target_point_plugin.dir/all] Error 2
gmake: *** [Makefile:146: all] Error 2
