[0.010s] Invoking command in '/home/mrxiuer/project/æ¯•è®¾/demo/src/build/vrx_gz': CMAKE_PREFIX_PATH=${CMAKE_PREFIX_PATH}:/opt/ros/humble LD_LIBRARY_PATH=/home/mrxiuer/project/æ¯•è®¾/demo/src/install/lib:/usr/local/lib:/opt/ros/humble/opt/rviz_ogre_vendor/lib:/opt/ros/humble/lib/x86_64-linux-gnu:/opt/ros/humble/lib /usr/bin/cmake --build /home/mrxiuer/project/æ¯•è®¾/demo/src/build/vrx_gz -- -j16 -l16
[0.071s] [  8%] Built target ScoringPlugin
[0.071s] [  8%] Built target Waves
[0.072s] [ 10%] [32mBuilding CXX object CMakeFiles/target_point_plugin.dir/src/target_point.cc.o[0m
[0.078s] [ 10%] Built target ament_cmake_python_copy_vrx_gz
[0.110s] [ 14%] Built target AcousticPingerPlugin
[0.111s] [ 26%] Built target LightBuoyPlugin
[0.111s] [ 30%] Built target GymkhanaScoringPlugin
[0.111s] [ 32%] Built target WayfindingScoringPlugin
[0.114s] [ 32%] Built target PerceptionScoringPlugin
[0.115s] [ 42%] Built target AcousticTrackingScoringPlugin
[0.115s] [ 44%] Built target PlacardPlugin
[0.115s] [ 48%] Built target StationkeepingScoringPlugin
[0.115s] [ 52%] Built target PublisherPlugin
[0.118s] [ 58%] Built target SimpleHydrodynamics
[0.119s] [ 60%] Built target BallShooterPlugin
[0.119s] [ 64%] Built target Surface
[0.120s] [ 68%] Built target ScanDockScoringPlugin
[0.121s] [ 72%] Built target NavigationScoringPlugin
[0.122s] [ 78%] Built target AcousticPerceptionScoringPlugin
[0.143s] [ 82%] Built target WildlifeScoringPlugin
[0.143s] [ 86%] Built target WaveVisual
[0.144s] [ 94%] Built target PolyhedraBuoyancyDrag
[0.144s] [ 98%] Built target USVWind
[0.358s] running egg_info
[0.358s] writing vrx_gz.egg-info/PKG-INFO
[0.358s] writing dependency_links to vrx_gz.egg-info/dependency_links.txt
[0.359s] writing top-level names to vrx_gz.egg-info/top_level.txt
[0.360s] reading manifest file 'vrx_gz.egg-info/SOURCES.txt'
[0.361s] writing manifest file 'vrx_gz.egg-info/SOURCES.txt'
[0.386s] [ 98%] Built target ament_cmake_python_build_vrx_gz_egg
[2.550s] [01m[K/home/mrxiuer/project/æ¯•è®¾/demo/src/vrx/vrx_gz/src/target_point.cc:[m[K In constructor â€˜[01m[Kgz::gui::TargetPointPlugin::TargetPointPlugin()[m[Kâ€™:
[2.550s] [01m[K/home/mrxiuer/project/æ¯•è®¾/demo/src/vrx/vrx_gz/src/target_point.cc:32:27:[m[K [01;31m[Kerror: [m[Kâ€˜[01m[Kclass QQuickItem[m[Kâ€™ has no member named â€˜[01m[KaddItem[m[Kâ€™
[2.550s]    32 |       win->contentItem()->[01;31m[KaddItem[m[K(mainWidget);
[2.550s]       |                           [01;31m[K^~~~~~~[m[K
[2.554s] [01m[K/home/mrxiuer/project/æ¯•è®¾/demo/src/vrx/vrx_gz/src/target_point.cc:[m[K In member function â€˜[01m[Kvoid gz::gui::TargetPointPlugin::OnClick(const QPointF&)[m[Kâ€™:
[2.554s] [01m[K/home/mrxiuer/project/æ¯•è®¾/demo/src/vrx/vrx_gz/src/target_point.cc:68:35:[m[K [01;31m[Kerror: [m[Kâ€˜[01m[KsceneFromFirstRenderEngine[m[Kâ€™ is not a member of â€˜[01m[Kgz::rendering[m[Kâ€™
[2.554s]    68 |       auto scene = gz::rendering::[01;31m[KsceneFromFirstRenderEngine[m[K();
[2.554s]       |                                   [01;31m[K^~~~~~~~~~~~~~~~~~~~~~~~~~[m[K
[2.554s] [01m[K/home/mrxiuer/project/æ¯•è®¾/demo/src/vrx/vrx_gz/src/target_point.cc:79:31:[m[K [01;31m[Kerror: [m[Kaggregate â€˜[01m[Kgz::rendering::v7::RayQuery rayQuery[m[Kâ€™ has incomplete type and cannot be defined
[2.554s]    79 |       gz::rendering::RayQuery [01;31m[KrayQuery[m[K;
[2.554s]       |                               [01;31m[K^~~~~~~~[m[K
[2.554s] [01m[K/home/mrxiuer/project/æ¯•è®¾/demo/src/vrx/vrx_gz/src/target_point.cc:[m[K At global scope:
[2.554s] [01m[K/home/mrxiuer/project/æ¯•è®¾/demo/src/vrx/vrx_gz/src/target_point.cc:116:59:[m[K [01;31m[Kerror: [m[Kexpected constructor, destructor, or type conversion at end of input
[2.554s]   116 | GZ_ADD_PLUGIN(gz::gui::TargetPointPlugin, gz::gui::Plugin)
[2.555s]       |                                                           [01;31m[K^[m[K
[2.878s] gmake[2]: *** [CMakeFiles/target_point_plugin.dir/build.make:76: CMakeFiles/target_point_plugin.dir/src/target_point.cc.o] Error 1
[2.878s] gmake[1]: *** [CMakeFiles/Makefile2:794: CMakeFiles/target_point_plugin.dir/all] Error 2
[2.879s] gmake: *** [Makefile:146: all] Error 2
[2.881s] Invoked command in '/home/mrxiuer/project/æ¯•è®¾/demo/src/build/vrx_gz' returned '2': CMAKE_PREFIX_PATH=${CMAKE_PREFIX_PATH}:/opt/ros/humble LD_LIBRARY_PATH=/home/mrxiuer/project/æ¯•è®¾/demo/src/install/lib:/usr/local/lib:/opt/ros/humble/opt/rviz_ogre_vendor/lib:/opt/ros/humble/lib/x86_64-linux-gnu:/opt/ros/humble/lib /usr/bin/cmake --build /home/mrxiuer/project/æ¯•è®¾/demo/src/build/vrx_gz -- -j16 -l16
